<?xml version="1.0" encoding="UTF-8"?>
<testng-results ignored="0" total="2" passed="2" failed="0" skipped="0">
  <reporter-output>
  </reporter-output>
  <suite started-at="2026-05-23T13:20:41 IST" name="CrossBrowserSuite" finished-at="2026-05-23T13:21:01 IST" duration-ms="20669">
    <groups>
    </groups>
    <test started-at="2026-05-23T13:20:41 IST" name="ChromeTest" finished-at="2026-05-23T13:20:49 IST" duration-ms="8896">
      <class name="testNg.CrossBrowserTest">
        <test-method signature="launchBrowser(java.lang.String)[pri:0, instance:testNg.CrossBrowserTest@22555ebf]" started-at="2026-05-23T13:20:41 IST" name="launchBrowser" finished-at="2026-05-23T13:20:49 IST" duration-ms="8804" status="PASS">
          <params>
            <param index="0">
              <value>
                <![CDATA[chrome]]>
              </value>
            </param>
          </params>
          <reporter-output>
          </reporter-output>
        </test-method> <!-- launchBrowser -->
      </class> <!-- testNg.CrossBrowserTest -->
    </test> <!-- ChromeTest -->
    <test started-at="2026-05-23T13:20:50 IST" name="EdgeTest" finished-at="2026-05-23T13:21:01 IST" duration-ms="11665">
      <class name="testNg.CrossBrowserTest">
        <test-method signature="launchBrowser(java.lang.String)[pri:0, instance:testNg.CrossBrowserTest@55b0dcab]" started-at="2026-05-23T13:20:50 IST" name="launchBrowser" finished-at="2026-05-23T13:21:01 IST" duration-ms="11658" status="PASS">
          <params>
            <param index="0">
              <value>
                <![CDATA[edge]]>
              </value>
            </param>
          </params>
          <reporter-output>
          </reporter-output>
        </test-method> <!-- launchBrowser -->
      </class> <!-- testNg.CrossBrowserTest -->
    </test> <!-- EdgeTest -->
  </suite> <!-- CrossBrowserSuite -->
</testng-results>
