<?xml version="1.0" encoding="UTF-8"?>
<testng-results ignored="0" total="0" passed="0" failed="0" skipped="0">
  <reporter-output>
  </reporter-output>
  <suite started-at="2026-06-04T12:46:44 IST" name="Selenium Jenkins Suite" finished-at="2026-06-04T12:46:44 IST" duration-ms="19">
    <groups>
    </groups>
    <test started-at="2026-06-04T12:46:44 IST" name="Google Test" finished-at="2026-06-04T12:46:44 IST" duration-ms="19">
    </test> <!-- Google Test -->
  </suite> <!-- Selenium Jenkins Suite -->
</testng-results>
