<?xml version="1.0" encoding="UTF-8"?>
<!-- Generated by org.testng.reporters.JUnitXMLReporter -->
<testsuite ignored="0" hostname="DESKTOP-JS09EO4" failures="0" tests="12" name="User API Test" time="11.101" errors="0" timestamp="2026-05-26T01:51:06 IST">
  <testcase classname="restApi.GetUserTest" name="getUsers" time="2.513"/>
  <testcase classname="restApi.LoginUserTest" name="loginUser" time="1.284"/>
  <testcase classname="restApi.DeleteUserTest" name="deleteUser" time="0.62"/>
  <testcase classname="restApi.UpdateUserTest" name="updateUser" time="0.597"/>
  <testcase classname="restApi.UserAuthTest" name="authUser" time="1.229"/>
  <testcase classname="restApi.SearchUserTest" name="searchUser" time="0.504"/>
  <testcase classname="restApi.AddUserTest" name="addUser" time="0.511"/>
  <testcase classname="restApi.FilterUserTest" name="filterUsers" time="0.515"/>
  <testcase classname="restApi.LimitSkipUserTest" name="limitSkipUsers" time="0.501"/>
  <testcase classname="restApi.SortUserTest" name="sortUsers" time="0.641"/>
  <testcase classname="restApi.LoginDDTTest" name="loginTest" time="0.548"/>
  <testcase classname="restApi.LoginDDTTest" name="loginTest" time="0.515"/>
</testsuite> <!-- User API Test -->
