<?xml version="1.0" encoding="UTF-8"?>
<!-- Generated by org.testng.reporters.JUnitReportReporter -->
<testsuite hostname="DESKTOP-JS09EO4" failures="0" tests="3" name="testNg.SauceDemoTest" time="9.298" errors="0" timestamp="2026-05-19T15:22:20 IST" skipped="0">
  <testcase classname="testNg.SauceDemoTest" name="verifyLoginPageTitle" time="2.359"/>
  <testcase classname="testNg.SauceDemoTest" name="loginTest" time="4.713"/>
  <testcase classname="testNg.SauceDemoTest" name="verifyProductPage" time="2.226"/>
</testsuite> <!-- testNg.SauceDemoTest -->
