<?xml version="1.0" encoding="UTF-8"?>
<testng-results ignored="0" total="1" passed="1" failed="0" skipped="0">
  <reporter-output>
  </reporter-output>
  <suite started-at="2026-06-04T14:44:57 IST" name="Selenium Jenkins Suite" finished-at="2026-06-04T14:45:08 IST" duration-ms="10838">
    <groups>
    </groups>
    <test started-at="2026-06-04T14:44:57 IST" name="Google Test" finished-at="2026-06-04T14:45:08 IST" duration-ms="10838">
      <class name="automation.GoogleTest">
        <test-method signature="verifyGoogleTitle()[pri:0, instance:automation.GoogleTest@223d2c72]" started-at="2026-06-04T14:44:58 IST" name="verifyGoogleTitle" finished-at="2026-06-04T14:45:08 IST" duration-ms="10728" status="PASS">
          <reporter-output>
          </reporter-output>
        </test-method> <!-- verifyGoogleTitle -->
      </class> <!-- automation.GoogleTest -->
    </test> <!-- Google Test -->
  </suite> <!-- Selenium Jenkins Suite -->
</testng-results>
