<?xml version="1.0" encoding="UTF-8"?>
<testng-results ignored="0" total="1" passed="1" failed="0" skipped="0">
  <reporter-output>
  </reporter-output>
  <suite started-at="2026-05-19T12:48:23 IST" name="Default suite" finished-at="2026-05-19T12:48:29 IST" duration-ms="6122">
    <groups>
    </groups>
    <test started-at="2026-05-19T12:48:23 IST" name="Default test" finished-at="2026-05-19T12:48:29 IST" duration-ms="6122">
      <class name="TestNgPractice.SauceDemo">
        <test-method is-config="true" signature="setup()[pri:0, instance:TestNgPractice.SauceDemo@408d971b]" started-at="2026-05-19T12:48:23 IST" name="setup" finished-at="2026-05-19T12:48:27 IST" duration-ms="4474" status="PASS">
          <reporter-output>
          </reporter-output>
        </test-method> <!-- setup -->
        <test-method signature="loginTest()[pri:0, instance:TestNgPractice.SauceDemo@408d971b]" started-at="2026-05-19T12:48:27 IST" name="loginTest" finished-at="2026-05-19T12:48:28 IST" duration-ms="1184" status="PASS">
          <reporter-output>
          </reporter-output>
        </test-method> <!-- loginTest -->
        <test-method is-config="true" signature="tearDown()[pri:0, instance:TestNgPractice.SauceDemo@408d971b]" started-at="2026-05-19T12:48:28 IST" name="tearDown" finished-at="2026-05-19T12:48:29 IST" duration-ms="399" status="PASS">
          <reporter-output>
          </reporter-output>
        </test-method> <!-- tearDown -->
      </class> <!-- TestNgPractice.SauceDemo -->
    </test> <!-- Default test -->
  </suite> <!-- Default suite -->
</testng-results>
